  Callbacks.cpp
D:\VisualCpp\HograVolumeRenderer\HomebrewGraphicsEngine\volumetric\VolumeObject.h(81,1): warning C4267: '=': conversion from 'size_t' to 'int', possible loss of data
D:\VisualCpp\HograVolumeRenderer\HomebrewGraphicsEngine\volumetric\VolumeObject.h(256,1): warning C4267: '=': conversion from 'size_t' to 'int', possible loss of data
D:\VisualCpp\HograVolumeRenderer\HomebrewGraphicsEngine\Scene.h(135,15): warning C4834: discarding return value of function with 'nodiscard' attribute
  Collider.cpp
D:\VisualCpp\HograVolumeRenderer\HomebrewGraphicsEngine\volumetric\VolumeObject.h(81,1): warning C4267: '=': conversion from 'size_t' to 'int', possible loss of data
D:\VisualCpp\HograVolumeRenderer\HomebrewGraphicsEngine\volumetric\VolumeObject.h(256,1): warning C4267: '=': conversion from 'size_t' to 'int', possible loss of data
D:\VisualCpp\HograVolumeRenderer\HomebrewGraphicsEngine\Scene.h(135,15): warning C4834: discarding return value of function with 'nodiscard' attribute
  ControlAction.cpp
D:\VisualCpp\HograVolumeRenderer\HomebrewGraphicsEngine\volumetric\VolumeObject.h(81,1): warning C4267: '=': conversion from 'size_t' to 'int', possible loss of data
D:\VisualCpp\HograVolumeRenderer\HomebrewGraphicsEngine\volumetric\VolumeObject.h(256,1): warning C4267: '=': conversion from 'size_t' to 'int', possible loss of data
D:\VisualCpp\HograVolumeRenderer\HomebrewGraphicsEngine\Scene.h(135,15): warning C4834: discarding return value of function with 'nodiscard' attribute
  ControlActionManager.cpp
D:\VisualCpp\HograVolumeRenderer\HomebrewGraphicsEngine\volumetric\VolumeObject.h(81,1): warning C4267: '=': conversion from 'size_t' to 'int', possible loss of data
D:\VisualCpp\HograVolumeRenderer\HomebrewGraphicsEngine\volumetric\VolumeObject.h(256,1): warning C4267: '=': conversion from 'size_t' to 'int', possible loss of data
D:\VisualCpp\HograVolumeRenderer\HomebrewGraphicsEngine\Scene.h(135,15): warning C4834: discarding return value of function with 'nodiscard' attribute
  GUI.cpp
D:\VisualCpp\HograVolumeRenderer\HomebrewGraphicsEngine\volumetric\VolumeObject.h(81,1): warning C4267: '=': conversion from 'size_t' to 'int', possible loss of data
D:\VisualCpp\HograVolumeRenderer\HomebrewGraphicsEngine\volumetric\VolumeObject.h(256,1): warning C4267: '=': conversion from 'size_t' to 'int', possible loss of data
D:\VisualCpp\HograVolumeRenderer\HomebrewGraphicsEngine\Scene.h(135,15): warning C4834: discarding return value of function with 'nodiscard' attribute
D:\VisualCpp\HograVolumeRenderer\HomebrewGraphicsEngine\GUI.cpp(182,49): warning C4305: 'argument': truncation from 'double' to 'float'
D:\VisualCpp\HograVolumeRenderer\HomebrewGraphicsEngine\GUI.cpp(188,49): warning C4305: 'argument': truncation from 'double' to 'float'
D:\VisualCpp\HograVolumeRenderer\HomebrewGraphicsEngine\GUI.cpp(194,49): warning C4305: 'argument': truncation from 'double' to 'float'
D:\VisualCpp\HograVolumeRenderer\HomebrewGraphicsEngine\GUI.cpp(199,50): warning C4305: 'argument': truncation from 'double' to 'float'
D:\VisualCpp\HograVolumeRenderer\HomebrewGraphicsEngine\GUI.cpp(205,50): warning C4305: 'argument': truncation from 'double' to 'float'
D:\VisualCpp\HograVolumeRenderer\HomebrewGraphicsEngine\GUI.cpp(211,50): warning C4305: 'argument': truncation from 'double' to 'float'
  HoGraEngineApplication.cpp
D:\VisualCpp\HograVolumeRenderer\HomebrewGraphicsEngine\volumetric\VolumeObject.h(81,1): warning C4267: '=': conversion from 'size_t' to 'int', possible loss of data
D:\VisualCpp\HograVolumeRenderer\HomebrewGraphicsEngine\volumetric\VolumeObject.h(256,1): warning C4267: '=': conversion from 'size_t' to 'int', possible loss of data
D:\VisualCpp\HograVolumeRenderer\HomebrewGraphicsEngine\Scene.h(135,15): warning C4834: discarding return value of function with 'nodiscard' attribute
C:\Program Files (x86)\Windows Kits\10\Include\10.0.19041.0\shared\minwindef.h(130,1): warning C4005: 'APIENTRY': macro redefinition
D:\VisualCpp\HograVolumeRenderer\HomebrewGraphicsEngine\Libraries\include\glad\glad.h(33): message : see previous definition of 'APIENTRY'
D:\VisualCpp\HograVolumeRenderer\HomebrewGraphicsEngine\HoGraEngineApplication.cpp(168,57): warning C4244: 'argument': conversion from 'double' to 'float', possible loss of data
  Light.cpp
D:\VisualCpp\HograVolumeRenderer\HomebrewGraphicsEngine\volumetric\VolumeObject.h(81,1): warning C4267: '=': conversion from 'size_t' to 'int', possible loss of data
D:\VisualCpp\HograVolumeRenderer\HomebrewGraphicsEngine\volumetric\VolumeObject.h(256,1): warning C4267: '=': conversion from 'size_t' to 'int', possible loss of data
D:\VisualCpp\HograVolumeRenderer\HomebrewGraphicsEngine\Scene.h(135,15): warning C4834: discarding return value of function with 'nodiscard' attribute
  MemoryManager.cpp
D:\VisualCpp\HograVolumeRenderer\HomebrewGraphicsEngine\volumetric\VolumeObject.h(81,1): warning C4267: '=': conversion from 'size_t' to 'int', possible loss of data
D:\VisualCpp\HograVolumeRenderer\HomebrewGraphicsEngine\volumetric\VolumeObject.h(256,1): warning C4267: '=': conversion from 'size_t' to 'int', possible loss of data
D:\VisualCpp\HograVolumeRenderer\HomebrewGraphicsEngine\Scene.h(135,15): warning C4834: discarding return value of function with 'nodiscard' attribute
  ObserveObjectControl.cpp
D:\VisualCpp\HograVolumeRenderer\HomebrewGraphicsEngine\volumetric\VolumeObject.h(81,1): warning C4267: '=': conversion from 'size_t' to 'int', possible loss of data
D:\VisualCpp\HograVolumeRenderer\HomebrewGraphicsEngine\volumetric\VolumeObject.h(256,1): warning C4267: '=': conversion from 'size_t' to 'int', possible loss of data
D:\VisualCpp\HograVolumeRenderer\HomebrewGraphicsEngine\Scene.h(135,15): warning C4834: discarding return value of function with 'nodiscard' attribute
  Scene.cpp
D:\VisualCpp\HograVolumeRenderer\HomebrewGraphicsEngine\volumetric\VolumeObject.h(81,1): warning C4267: '=': conversion from 'size_t' to 'int', possible loss of data
D:\VisualCpp\HograVolumeRenderer\HomebrewGraphicsEngine\volumetric\VolumeObject.h(256,1): warning C4267: '=': conversion from 'size_t' to 'int', possible loss of data
D:\VisualCpp\HograVolumeRenderer\HomebrewGraphicsEngine\Scene.h(135,15): warning C4834: discarding return value of function with 'nodiscard' attribute
D:\VisualCpp\HograVolumeRenderer\HomebrewGraphicsEngine\Scene.cpp(98,23): warning C4244: 'argument': conversion from 'double' to 'const T', possible loss of data
          with
          [
              T=float
          ]
  SceneEvent.cpp
D:\VisualCpp\HograVolumeRenderer\HomebrewGraphicsEngine\volumetric\VolumeObject.h(81,1): warning C4267: '=': conversion from 'size_t' to 'int', possible loss of data
D:\VisualCpp\HograVolumeRenderer\HomebrewGraphicsEngine\volumetric\VolumeObject.h(256,1): warning C4267: '=': conversion from 'size_t' to 'int', possible loss of data
D:\VisualCpp\HograVolumeRenderer\HomebrewGraphicsEngine\Scene.h(135,15): warning C4834: discarding return value of function with 'nodiscard' attribute
  SceneEventImplementation.cpp
D:\VisualCpp\HograVolumeRenderer\HomebrewGraphicsEngine\volumetric\VolumeObject.h(81,1): warning C4267: '=': conversion from 'size_t' to 'int', possible loss of data
D:\VisualCpp\HograVolumeRenderer\HomebrewGraphicsEngine\volumetric\VolumeObject.h(256,1): warning C4267: '=': conversion from 'size_t' to 'int', possible loss of data
D:\VisualCpp\HograVolumeRenderer\HomebrewGraphicsEngine\Scene.h(135,15): warning C4834: discarding return value of function with 'nodiscard' attribute
  SceneEventManager.cpp
D:\VisualCpp\HograVolumeRenderer\HomebrewGraphicsEngine\volumetric\VolumeObject.h(81,1): warning C4267: '=': conversion from 'size_t' to 'int', possible loss of data
D:\VisualCpp\HograVolumeRenderer\HomebrewGraphicsEngine\volumetric\VolumeObject.h(256,1): warning C4267: '=': conversion from 'size_t' to 'int', possible loss of data
D:\VisualCpp\HograVolumeRenderer\HomebrewGraphicsEngine\Scene.h(135,15): warning C4834: discarding return value of function with 'nodiscard' attribute
  SceneFactory.cpp
D:\VisualCpp\HograVolumeRenderer\HomebrewGraphicsEngine\volumetric\VolumeObject.h(81,1): warning C4267: '=': conversion from 'size_t' to 'int', possible loss of data
D:\VisualCpp\HograVolumeRenderer\HomebrewGraphicsEngine\volumetric\VolumeObject.h(256,1): warning C4267: '=': conversion from 'size_t' to 'int', possible loss of data
D:\VisualCpp\HograVolumeRenderer\HomebrewGraphicsEngine\Scene.h(135,15): warning C4834: discarding return value of function with 'nodiscard' attribute
D:\VisualCpp\HograVolumeRenderer\HomebrewGraphicsEngine\SceneFactory.cpp(141,19): warning C4244: 'initializing': conversion from 'double' to 'float', possible loss of data
D:\VisualCpp\HograVolumeRenderer\HomebrewGraphicsEngine\SceneFactory.cpp(142,19): warning C4244: 'initializing': conversion from 'double' to 'float', possible loss of data
D:\VisualCpp\HograVolumeRenderer\HomebrewGraphicsEngine\SceneFactory.cpp(190,20): warning C4244: 'initializing': conversion from 'double' to 'float', possible loss of data
D:\VisualCpp\HograVolumeRenderer\HomebrewGraphicsEngine\SceneFactory.cpp(191,20): warning C4244: 'initializing': conversion from 'double' to 'float', possible loss of data
D:\VisualCpp\HograVolumeRenderer\HomebrewGraphicsEngine\SceneFactory.cpp(261,19): warning C4244: 'initializing': conversion from 'double' to 'float', possible loss of data
D:\VisualCpp\HograVolumeRenderer\HomebrewGraphicsEngine\SceneFactory.cpp(262,19): warning C4244: 'initializing': conversion from 'double' to 'float', possible loss of data
D:\VisualCpp\HograVolumeRenderer\HomebrewGraphicsEngine\SceneFactory.cpp(286,19): warning C4244: 'initializing': conversion from 'double' to 'float', possible loss of data
D:\VisualCpp\HograVolumeRenderer\HomebrewGraphicsEngine\SceneFactory.cpp(287,19): warning C4244: 'initializing': conversion from 'double' to 'float', possible loss of data
  SceneManager.cpp
D:\VisualCpp\HograVolumeRenderer\HomebrewGraphicsEngine\volumetric\VolumeObject.h(81,1): warning C4267: '=': conversion from 'size_t' to 'int', possible loss of data
D:\VisualCpp\HograVolumeRenderer\HomebrewGraphicsEngine\volumetric\VolumeObject.h(256,1): warning C4267: '=': conversion from 'size_t' to 'int', possible loss of data
D:\VisualCpp\HograVolumeRenderer\HomebrewGraphicsEngine\Scene.h(135,15): warning C4834: discarding return value of function with 'nodiscard' attribute
  SceneObjectFactory.cpp
D:\VisualCpp\HograVolumeRenderer\HomebrewGraphicsEngine\volumetric\VolumeObject.h(81,1): warning C4267: '=': conversion from 'size_t' to 'int', possible loss of data
D:\VisualCpp\HograVolumeRenderer\HomebrewGraphicsEngine\volumetric\VolumeObject.h(256,1): warning C4267: '=': conversion from 'size_t' to 'int', possible loss of data
D:\VisualCpp\HograVolumeRenderer\HomebrewGraphicsEngine\Scene.h(135,15): warning C4834: discarding return value of function with 'nodiscard' attribute
  VolumeObject.cpp
D:\VisualCpp\HograVolumeRenderer\HomebrewGraphicsEngine\volumetric\VolumeObject.h(81,1): warning C4267: '=': conversion from 'size_t' to 'int', possible loss of data
D:\VisualCpp\HograVolumeRenderer\HomebrewGraphicsEngine\volumetric\VolumeObject.h(256,1): warning C4267: '=': conversion from 'size_t' to 'int', possible loss of data
D:\VisualCpp\HograVolumeRenderer\HomebrewGraphicsEngine\Scene.h(135,15): warning C4834: discarding return value of function with 'nodiscard' attribute
D:\VisualCpp\HograVolumeRenderer\HomebrewGraphicsEngine\volumetric\VolumeObject.cpp(180,74): warning C4305: 'argument': truncation from 'double' to 'float'
D:\VisualCpp\HograVolumeRenderer\HomebrewGraphicsEngine\volumetric\VolumeObject.cpp(271,67): warning C4267: 'argument': conversion from 'size_t' to 'GLsizei', possible loss of data
D:\VisualCpp\HograVolumeRenderer\HomebrewGraphicsEngine\volumetric\VolumeObject.cpp(288,67): warning C4267: 'argument': conversion from 'size_t' to 'GLsizei', possible loss of data
LINK : warning LNK4098: defaultlib 'MSVCRTD' conflicts with use of other libs; use /NODEFAULTLIB:library
  Generating code
  5 of 7014 functions (<0.1%) were compiled, the rest were copied from previous compilation.
    0 functions were new in current compilation
    43 functions had inline decision re-evaluated but remain unchanged
  Finished generating code
glfw3.lib(context.obj) : warning LNK4099: PDB 'glfw.pdb' was not found with 'glfw3.lib(context.obj)' or at 'D:\VisualCpp\HograVolumeRenderer\x64\Release\glfw.pdb'; linking object as if no debug info
glfw3.lib(monitor.obj) : warning LNK4099: PDB 'glfw.pdb' was not found with 'glfw3.lib(monitor.obj)' or at 'D:\VisualCpp\HograVolumeRenderer\x64\Release\glfw.pdb'; linking object as if no debug info
glfw3.lib(window.obj) : warning LNK4099: PDB 'glfw.pdb' was not found with 'glfw3.lib(window.obj)' or at 'D:\VisualCpp\HograVolumeRenderer\x64\Release\glfw.pdb'; linking object as if no debug info
glfw3.lib(input.obj) : warning LNK4099: PDB 'glfw.pdb' was not found with 'glfw3.lib(input.obj)' or at 'D:\VisualCpp\HograVolumeRenderer\x64\Release\glfw.pdb'; linking object as if no debug info
glfw3.lib(init.obj) : warning LNK4099: PDB 'glfw.pdb' was not found with 'glfw3.lib(init.obj)' or at 'D:\VisualCpp\HograVolumeRenderer\x64\Release\glfw.pdb'; linking object as if no debug info
glfw3.lib(win32_window.obj) : warning LNK4099: PDB 'glfw.pdb' was not found with 'glfw3.lib(win32_window.obj)' or at 'D:\VisualCpp\HograVolumeRenderer\x64\Release\glfw.pdb'; linking object as if no debug info
glfw3.lib(win32_thread.obj) : warning LNK4099: PDB 'glfw.pdb' was not found with 'glfw3.lib(win32_thread.obj)' or at 'D:\VisualCpp\HograVolumeRenderer\x64\Release\glfw.pdb'; linking object as if no debug info
glfw3.lib(win32_monitor.obj) : warning LNK4099: PDB 'glfw.pdb' was not found with 'glfw3.lib(win32_monitor.obj)' or at 'D:\VisualCpp\HograVolumeRenderer\x64\Release\glfw.pdb'; linking object as if no debug info
glfw3.lib(win32_joystick.obj) : warning LNK4099: PDB 'glfw.pdb' was not found with 'glfw3.lib(win32_joystick.obj)' or at 'D:\VisualCpp\HograVolumeRenderer\x64\Release\glfw.pdb'; linking object as if no debug info
glfw3.lib(win32_time.obj) : warning LNK4099: PDB 'glfw.pdb' was not found with 'glfw3.lib(win32_time.obj)' or at 'D:\VisualCpp\HograVolumeRenderer\x64\Release\glfw.pdb'; linking object as if no debug info
glfw3.lib(win32_init.obj) : warning LNK4099: PDB 'glfw.pdb' was not found with 'glfw3.lib(win32_init.obj)' or at 'D:\VisualCpp\HograVolumeRenderer\x64\Release\glfw.pdb'; linking object as if no debug info
glfw3.lib(vulkan.obj) : warning LNK4099: PDB 'glfw.pdb' was not found with 'glfw3.lib(vulkan.obj)' or at 'D:\VisualCpp\HograVolumeRenderer\x64\Release\glfw.pdb'; linking object as if no debug info
glfw3.lib(wgl_context.obj) : warning LNK4099: PDB 'glfw.pdb' was not found with 'glfw3.lib(wgl_context.obj)' or at 'D:\VisualCpp\HograVolumeRenderer\x64\Release\glfw.pdb'; linking object as if no debug info
glfw3.lib(egl_context.obj) : warning LNK4099: PDB 'glfw.pdb' was not found with 'glfw3.lib(egl_context.obj)' or at 'D:\VisualCpp\HograVolumeRenderer\x64\Release\glfw.pdb'; linking object as if no debug info
glfw3.lib(osmesa_context.obj) : warning LNK4099: PDB 'glfw.pdb' was not found with 'glfw3.lib(osmesa_context.obj)' or at 'D:\VisualCpp\HograVolumeRenderer\x64\Release\glfw.pdb'; linking object as if no debug info
  HomebrewGraphicsEngine.vcxproj -> D:\VisualCpp\HograVolumeRenderer\x64\Release\HomebrewGraphicsEngine.exe
